# JRE version: Java(TM) SE Runtime Environment (8.0_131-b11) (build 1.8.0_131-b11)
# Java VM: Java HotSpot(TM) 64-Bit Server VM (25.131-b11 mixed mode bsd-amd64 compressed oops)
Heap:
 PSYoungGen      total 24576K, used 15867K [0x0000000795580000, 0x0000000796e80000, 0x00000007c0000000)
  eden space 24064K, 65% used [0x0000000795580000,0x00000007964f6ca8,0x0000000796d00000)
  from space 512K, 6% used [0x0000000796e00000,0x0000000796e08000,0x0000000796e80000)
  to   space 512K, 0% used [0x0000000796d80000,0x0000000796d80000,0x0000000796e00000)
 ParOldGen       total 87552K, used 27955K [0x0000000740000000, 0x0000000745580000, 0x0000000795580000)
  object space 87552K, 31% used [0x0000000740000000,0x0000000741b4cec0,0x0000000745580000)
 Metaspace       used 16191K, capacity 16485K, committed 16640K, reserved 1064960K
  class space    used 1862K, capacity 1978K, committed 2048K, reserved 1048576K
GC Heap History (10 events):
Event: 61.903 GC heap before
{Heap before GC invocations=124 (full 0):
 PSYoungGen      total 24576K, used 19733K [0x0000000795580000, 0x0000000796e80000, 0x00000007c0000000)
  eden space 24064K, 81% used [0x0000000795580000,0x00000007968b5760,0x0000000796d00000)
  from space 512K, 12% used [0x0000000796d80000,0x0000000796d90000,0x0000000796e00000)
  to   space 512K, 0% used [0x0000000796e00000,0x0000000796e00000,0x0000000796e80000)
 ParOldGen       total 87552K, used 27795K [0x0000000740000000, 0x0000000745580000, 0x0000000795580000)
  object space 87552K, 31% used [0x0000000740000000,0x0000000741b24ec0,0x0000000745580000)
 Metaspace       used 16189K, capacity 16485K, committed 16640K, reserved 1064960K
  class space    used 1861K, capacity 1978K, committed 2048K, reserved 1048576K
Event: 61.903 GC heap after
Heap after GC invocations=124 (full 0):
 PSYoungGen      total 24576K, used 32K [0x0000000795580000, 0x0000000796e80000, 0x00000007c0000000)
  eden space 24064K, 0% used [0x0000000795580000,0x0000000795580000,0x0000000796d00000)
  from space 512K, 6% used [0x0000000796e00000,0x0000000796e08000,0x0000000796e80000)
  to   space 512K, 0% used [0x0000000796d80000,0x0000000796d80000,0x0000000796e00000)
 ParOldGen       total 87552K, used 27827K [0x0000000740000000, 0x0000000745580000, 0x0000000795580000)
  object space 87552K, 31% used [0x0000000740000000,0x0000000741b2cec0,0x0000000745580000)
 Metaspace       used 16189K, capacity 16485K, committed 16640K, reserved 1064960K
  class space    used 1861K, capacity 1978K, committed 2048K, reserved 1048576K
}
Event: 62.094 GC heap before
{Heap before GC invocations=125 (full 0):
 PSYoungGen      total 24576K, used 19701K [0x0000000795580000, 0x0000000796e80000, 0x00000007c0000000)
  eden space 24064K, 81% used [0x0000000795580000,0x00000007968b5778,0x0000000796d00000)
  from space 512K, 6% used [0x0000000796e00000,0x0000000796e08000,0x0000000796e80000)
  to   space 512K, 0% used [0x0000000796d80000,0x0000000796d80000,0x0000000796e00000)
 ParOldGen       total 87552K, used 27827K [0x0000000740000000, 0x0000000745580000, 0x0000000795580000)
  object space 87552K, 31% used [0x0000000740000000,0x0000000741b2cec0,0x0000000745580000)
 Metaspace       used 16189K, capacity 16485K, committed 16640K, reserved 1064960K
  class space    used 1861K, capacity 1978K, committed 2048K, reserved 1048576K
Event: 62.095 GC heap after
Heap after GC invocations=125 (full 0):
 PSYoungGen      total 24576K, used 64K [0x0000000795580000, 0x0000000796e80000, 0x00000007c0000000)
  eden space 24064K, 0% used [0x0000000795580000,0x0000000795580000,0x0000000796d00000)
  from space 512K, 12% used [0x0000000796d80000,0x0000000796d90000,0x0000000796e00000)
  to   space 512K, 0% used [0x0000000796e00000,0x0000000796e00000,0x0000000796e80000)
 ParOldGen       total 87552K, used 27851K [0x0000000740000000, 0x0000000745580000, 0x0000000795580000)
  object space 87552K, 31% used [0x0000000740000000,0x0000000741b32ec0,0x0000000745580000)
 Metaspace       used 16189K, capacity 16485K, committed 16640K, reserved 1064960K
  class space    used 1861K, capacity 1978K, committed 2048K, reserved 1048576K
}
Event: 62.292 GC heap before
{Heap before GC invocations=126 (full 0):
 PSYoungGen      total 24576K, used 19733K [0x0000000795580000, 0x0000000796e80000, 0x00000007c0000000)
  eden space 24064K, 81% used [0x0000000795580000,0x00000007968b5788,0x0000000796d00000)
  from space 512K, 12% used [0x0000000796d80000,0x0000000796d90000,0x0000000796e00000)
  to   space 512K, 0% used [0x0000000796e00000,0x0000000796e00000,0x0000000796e80000)
 ParOldGen       total 87552K, used 27851K [0x0000000740000000, 0x0000000745580000, 0x0000000795580000)
  object space 87552K, 31% used [0x0000000740000000,0x0000000741b32ec0,0x0000000745580000)
 Metaspace       used 16189K, capacity 16485K, committed 16640K, reserved 1064960K
  class space    used 1861K, capacity 1978K, committed 2048K, reserved 1048576K
Event: 62.294 GC heap after
Heap after GC invocations=126 (full 0):
 PSYoungGen      total 24576K, used 64K [0x0000000795580000, 0x0000000796e80000, 0x00000007c0000000)
  eden space 24064K, 0% used [0x0000000795580000,0x0000000795580000,0x0000000796d00000)
  from space 512K, 12% used [0x0000000796e00000,0x0000000796e10000,0x0000000796e80000)
  to   space 512K, 0% used [0x0000000796d80000,0x0000000796d80000,0x0000000796e00000)
 ParOldGen       total 87552K, used 27883K [0x0000000740000000, 0x0000000745580000, 0x0000000795580000)
  object space 87552K, 31% used [0x0000000740000000,0x0000000741b3aec0,0x0000000745580000)
 Metaspace       used 16189K, capacity 16485K, committed 16640K, reserved 1064960K
  class space    used 1861K, capacity 1978K, committed 2048K, reserved 1048576K
}
Event: 62.485 GC heap before
{Heap before GC invocations=127 (full 0):
 PSYoungGen      total 24576K, used 19733K [0x0000000795580000, 0x0000000796e80000, 0x00000007c0000000)
  eden space 24064K, 81% used [0x0000000795580000,0x00000007968b5798,0x0000000796d00000)
  from space 512K, 12% used [0x0000000796e00000,0x0000000796e10000,0x0000000796e80000)
  to   space 512K, 0% used [0x0000000796d80000,0x0000000796d80000,0x0000000796e00000)
 ParOldGen       total 87552K, used 27883K [0x0000000740000000, 0x0000000745580000, 0x0000000795580000)
  object space 87552K, 31% used [0x0000000740000000,0x0000000741b3aec0,0x0000000745580000)
 Metaspace       used 16189K, capacity 16485K, committed 16640K, reserved 1064960K
  class space    used 1861K, capacity 1978K, committed 2048K, reserved 1048576K
Event: 62.486 GC heap after
Heap after GC invocations=127 (full 0):
 PSYoungGen      total 24576K, used 96K [0x0000000795580000, 0x0000000796e80000, 0x00000007c0000000)
  eden space 24064K, 0% used [0x0000000795580000,0x0000000795580000,0x0000000796d00000)
  from space 512K, 18% used [0x0000000796d80000,0x0000000796d98000,0x0000000796e00000)
  to   space 512K, 0% used [0x0000000796e00000,0x0000000796e00000,0x0000000796e80000)
 ParOldGen       total 87552K, used 27915K [0x0000000740000000, 0x0000000745580000, 0x0000000795580000)
  object space 87552K, 31% used [0x0000000740000000,0x0000000741b42ec0,0x0000000745580000)
 Metaspace       used 16189K, capacity 16485K, committed 16640K, reserved 1064960K
  class space    used 1861K, capacity 1978K, committed 2048K, reserved 1048576K
}
Event: 62.664 GC heap before
{Heap before GC invocations=128 (full 0):
 PSYoungGen      total 24576K, used 19765K [0x0000000795580000, 0x0000000796e80000, 0x00000007c0000000)
  eden space 24064K, 81% used [0x0000000795580000,0x00000007968b5798,0x0000000796d00000)
  from space 512K, 18% used [0x0000000796d80000,0x0000000796d98000,0x0000000796e00000)
  to   space 512K, 0% used [0x0000000796e00000,0x0000000796e00000,0x0000000796e80000)
 ParOldGen       total 87552K, used 27915K [0x0000000740000000, 0x0000000745580000, 0x0000000795580000)
  object space 87552K, 31% used [0x0000000740000000,0x0000000741b42ec0,0x0000000745580000)
 Metaspace       used 16189K, capacity 16485K, committed 16640K, reserved 1064960K
  class space    used 1861K, capacity 1978K, committed 2048K, reserved 1048576K
Event: 62.665 GC heap after
Heap after GC invocations=128 (full 0):
 PSYoungGen      total 24576K, used 32K [0x0000000795580000, 0x0000000796e80000, 0x00000007c0000000)
  eden space 24064K, 0% used [0x0000000795580000,0x0000000795580000,0x0000000796d00000)
  from space 512K, 6% used [0x0000000796e00000,0x0000000796e08000,0x0000000796e80000)
  to   space 512K, 0% used [0x0000000796d80000,0x0000000796d80000,0x0000000796e00000)
 ParOldGen       total 87552K, used 27955K [0x0000000740000000, 0x0000000745580000, 0x0000000795580000)
  object space 87552K, 31% used [0x0000000740000000,0x0000000741b4cec0,0x0000000745580000)
 Metaspace       used 16189K, capacity 16485K, committed 16640K, reserved 1064960K
  class space    used 1861K, capacity 1978K, committed 2048K, reserved 1048576K
}

